# JRE version: OpenJDK Runtime Environment (21.0.2+13) (build 21.0.2+13-58)
# Java VM: OpenJDK 64-Bit Server VM (21.0.2+13-58, mixed mode, emulated-client, sharing, tiered, compressed oops, compressed class ptrs, g1 gc, windows-amd64)
GC Precious Log:
 CardTable entry size: 512
 Card Set container configuration: InlinePtr #cards 5 size 8 Array Of Cards #cards 12 size 40 Howl #buckets 4 coarsen threshold 1843 Howl Bitmap #cards 512 size 80 coarsen threshold 460 Card regions per heap region 1 cards per card region 2048
 CPUs: 8 total, 8 available
 Memory: 7990M
 Large Page Support: Disabled
 NUMA Support: Disabled
 Compressed Oops: Enabled (32-bit)
 Heap Region Size: 1M
 Heap Min Capacity: 8M
 Heap Initial Capacity: 126M
 Heap Max Capacity: 1998M
 Pre-touch: Disabled
 Parallel Workers: 8
 Concurrent Workers: 2
 Concurrent Refinement Workers: 8
 Periodic GC: Disabled
Heap:
 garbage-first heap   total 130048K, used 45859K [0x0000000083200000, 0x0000000100000000)
  region size 1024K, 5 young (5120K), 5 survivors (5120K)
 Metaspace       used 62095K, committed 62848K, reserved 1114112K
  class space    used 8743K, committed 9088K, reserved 1048576K
GC Heap History (20 events):
Event: 4.046 GC heap after
{Heap after GC invocations=6 (full 0):
 garbage-first heap   total 55296K, used 18199K [0x0000000083200000, 0x0000000100000000)
  region size 1024K, 4 young (4096K), 4 survivors (4096K)
 Metaspace       used 27122K, committed 27712K, reserved 1114112K
  class space    used 3665K, committed 3904K, reserved 1048576K
}
Event: 4.802 GC heap before
{Heap before GC invocations=6 (full 0):
 garbage-first heap   total 55296K, used 43799K [0x0000000083200000, 0x0000000100000000)
  region size 1024K, 29 young (29696K), 4 survivors (4096K)
 Metaspace       used 31246K, committed 31936K, reserved 1114112K
  class space    used 4235K, committed 4544K, reserved 1048576K
}
Event: 4.820 GC heap after
{Heap after GC invocations=7 (full 0):
 garbage-first heap   total 68608K, used 20851K [0x0000000083200000, 0x0000000100000000)
  region size 1024K, 3 young (3072K), 3 survivors (3072K)
 Metaspace       used 31246K, committed 31936K, reserved 1114112K
  class space    used 4235K, committed 4544K, reserved 1048576K
}
Event: 5.117 GC heap before
{Heap before GC invocations=7 (full 0):
 garbage-first heap   total 68608K, used 30067K [0x0000000083200000, 0x0000000100000000)
  region size 1024K, 13 young (13312K), 3 survivors (3072K)
 Metaspace       used 33969K, committed 34560K, reserved 1114112K
  class space    used 4634K, committed 4928K, reserved 1048576K
}
Event: 5.120 GC heap after
{Heap after GC invocations=8 (full 0):
 garbage-first heap   total 68608K, used 20857K [0x0000000083200000, 0x0000000100000000)
  region size 1024K, 3 young (3072K), 3 survivors (3072K)
 Metaspace       used 33969K, committed 34560K, reserved 1114112K
  class space    used 4634K, committed 4928K, reserved 1048576K
}
Event: 6.223 GC heap before
{Heap before GC invocations=9 (full 0):
 garbage-first heap   total 68608K, used 56697K [0x0000000083200000, 0x0000000100000000)
  region size 1024K, 38 young (38912K), 3 survivors (3072K)
 Metaspace       used 43212K, committed 43840K, reserved 1114112K
  class space    used 5933K, committed 6208K, reserved 1048576K
}
Event: 6.230 GC heap after
{Heap after GC invocations=10 (full 0):
 garbage-first heap   total 68608K, used 23934K [0x0000000083200000, 0x0000000100000000)
  region size 1024K, 5 young (5120K), 5 survivors (5120K)
 Metaspace       used 43212K, committed 43840K, reserved 1114112K
  class space    used 5933K, committed 6208K, reserved 1048576K
}
Event: 7.166 GC heap before
{Heap before GC invocations=10 (full 0):
 garbage-first heap   total 68608K, used 56702K [0x0000000083200000, 0x0000000100000000)
  region size 1024K, 38 young (38912K), 5 survivors (5120K)
 Metaspace       used 52410K, committed 53056K, reserved 1114112K
  class space    used 7375K, committed 7680K, reserved 1048576K
}
Event: 7.174 GC heap after
{Heap after GC invocations=11 (full 0):
 garbage-first heap   total 68608K, used 25113K [0x0000000083200000, 0x0000000100000000)
  region size 1024K, 2 young (2048K), 2 survivors (2048K)
 Metaspace       used 52410K, committed 53056K, reserved 1114112K
  class space    used 7375K, committed 7680K, reserved 1048576K
}
Event: 8.025 GC heap before
{Heap before GC invocations=11 (full 0):
 garbage-first heap   total 68608K, used 46617K [0x0000000083200000, 0x0000000100000000)
  region size 1024K, 24 young (24576K), 2 survivors (2048K)
 Metaspace       used 57414K, committed 58048K, reserved 1114112K
  class space    used 8035K, committed 8320K, reserved 1048576K
}
Event: 8.031 GC heap after
{Heap after GC invocations=12 (full 0):
 garbage-first heap   total 68608K, used 26998K [0x0000000083200000, 0x0000000100000000)
  region size 1024K, 4 young (4096K), 4 survivors (4096K)
 Metaspace       used 57414K, committed 58048K, reserved 1114112K
  class space    used 8035K, committed 8320K, reserved 1048576K
}
Event: 8.387 GC heap before
{Heap before GC invocations=13 (full 0):
 garbage-first heap   total 68608K, used 59766K [0x0000000083200000, 0x0000000100000000)
  region size 1024K, 36 young (36864K), 4 survivors (4096K)
 Metaspace       used 58533K, committed 59264K, reserved 1114112K
  class space    used 8269K, committed 8576K, reserved 1048576K
}
Event: 8.392 GC heap after
{Heap after GC invocations=14 (full 0):
 garbage-first heap   total 68608K, used 28065K [0x0000000083200000, 0x0000000100000000)
  region size 1024K, 4 young (4096K), 4 survivors (4096K)
 Metaspace       used 58533K, committed 59264K, reserved 1114112K
  class space    used 8269K, committed 8576K, reserved 1048576K
}
Event: 8.980 GC heap before
{Heap before GC invocations=14 (full 0):
 garbage-first heap   total 68608K, used 58785K [0x0000000083200000, 0x0000000100000000)
  region size 1024K, 34 young (34816K), 4 survivors (4096K)
 Metaspace       used 61757K, committed 62528K, reserved 1114112K
  class space    used 8697K, committed 9024K, reserved 1048576K
}
Event: 8.988 GC heap after
{Heap after GC invocations=15 (full 0):
 garbage-first heap   total 68608K, used 30351K [0x0000000083200000, 0x0000000100000000)
  region size 1024K, 4 young (4096K), 4 survivors (4096K)
 Metaspace       used 61757K, committed 62528K, reserved 1114112K
  class space    used 8697K, committed 9024K, reserved 1048576K
}
Event: 9.034 GC heap before
{Heap before GC invocations=15 (full 0):
 garbage-first heap   total 68608K, used 32399K [0x0000000083200000, 0x0000000100000000)
  region size 1024K, 8 young (8192K), 4 survivors (4096K)
 Metaspace       used 61992K, committed 62720K, reserved 1114112K
  class space    used 8725K, committed 9024K, reserved 1048576K
}
Event: 9.041 GC heap after
{Heap after GC invocations=16 (full 0):
 garbage-first heap   total 68608K, used 30969K [0x0000000083200000, 0x0000000100000000)
  region size 1024K, 1 young (1024K), 1 survivors (1024K)
 Metaspace       used 61992K, committed 62720K, reserved 1114112K
  class space    used 8725K, committed 9024K, reserved 1048576K
}
Event: 9.171 GC heap before
{Heap before GC invocations=17 (full 0):
 garbage-first heap   total 87040K, used 61689K [0x0000000083200000, 0x0000000100000000)
  region size 1024K, 30 young (30720K), 1 survivors (1024K)
 Metaspace       used 62019K, committed 62720K, reserved 1114112K
  class space    used 8731K, committed 9024K, reserved 1048576K
}
Event: 9.176 GC heap after
{Heap after GC invocations=18 (full 0):
 garbage-first heap   total 87040K, used 36943K [0x0000000083200000, 0x0000000100000000)
  region size 1024K, 4 young (4096K), 4 survivors (4096K)
 Metaspace       used 62019K, committed 62720K, reserved 1114112K
  class space    used 8731K, committed 9024K, reserved 1048576K
}
Event: 9.361 GC heap before
{Heap before GC invocations=18 (full 0):
 garbage-first heap   total 87040K, used 73807K [0x0000000083200000, 0x0000000100000000)
  region size 1024K, 39 young (39936K), 4 survivors (4096K)
 Metaspace       used 62095K, committed 62848K, reserved 1114112K
  class space    used 8743K, committed 9088K, reserved 1048576K
}

